  ChildView.cpp
c:\КСЮША\Универ\3 курс\курсач\Лисажу\2\ChildView.cpp(248): warning C4244: +=: преобразование "double" в "int", возможна потеря данных
c:\КСЮША\Универ\3 курс\курсач\Лисажу\2\ChildView.cpp(266): warning C4244: +=: преобразование "double" в "int", возможна потеря данных
c:\КСЮША\Универ\3 курс\курсач\Лисажу\2\ChildView.cpp(284): warning C4244: +=: преобразование "double" в "int", возможна потеря данных
c:\КСЮША\Универ\3 курс\курсач\Лисажу\2\ChildView.cpp(302): warning C4244: +=: преобразование "double" в "int", возможна потеря данных
c:\КСЮША\Универ\3 курс\курсач\Лисажу\2\ChildView.cpp(320): warning C4244: +=: преобразование "double" в "int", возможна потеря данных
c:\КСЮША\Универ\3 курс\курсач\Лисажу\2\ChildView.cpp(338): warning C4244: +=: преобразование "double" в "int", возможна потеря данных
c:\КСЮША\Универ\3 курс\курсач\Лисажу\2\ChildView.cpp(356): warning C4244: +=: преобразование "double" в "int", возможна потеря данных
c:\КСЮША\Универ\3 курс\курсач\Лисажу\2\ChildView.cpp(499): warning C4244: инициализация: преобразование "double" в "int", возможна потеря данных
c:\КСЮША\Универ\3 курс\курсач\Лисажу\2\ChildView.cpp(506): warning C4244: =: преобразование "double" в "int", возможна потеря данных
c:\КСЮША\Универ\3 курс\курсач\Лисажу\2\ChildView.cpp(546): warning C4244: инициализация: преобразование "double" в "int", возможна потеря данных
c:\КСЮША\Универ\3 курс\курсач\Лисажу\2\ChildView.cpp(553): warning C4244: =: преобразование "double" в "int", возможна потеря данных
c:\КСЮША\Универ\3 курс\курсач\Лисажу\2\ChildView.cpp(594): warning C4244: инициализация: преобразование "double" в "int", возможна потеря данных
c:\КСЮША\Универ\3 курс\курсач\Лисажу\2\ChildView.cpp(601): warning C4244: =: преобразование "double" в "int", возможна потеря данных
c:\КСЮША\Универ\3 курс\курсач\Лисажу\2\ChildView.cpp(640): warning C4244: инициализация: преобразование "double" в "int", возможна потеря данных
c:\КСЮША\Универ\3 курс\курсач\Лисажу\2\ChildView.cpp(647): warning C4244: =: преобразование "double" в "int", возможна потеря данных
c:\КСЮША\Универ\3 курс\курсач\Лисажу\2\ChildView.cpp(686): warning C4244: инициализация: преобразование "double" в "int", возможна потеря данных
c:\КСЮША\Универ\3 курс\курсач\Лисажу\2\ChildView.cpp(693): warning C4244: =: преобразование "double" в "int", возможна потеря данных
c:\КСЮША\Универ\3 курс\курсач\Лисажу\2\ChildView.cpp(732): warning C4244: инициализация: преобразование "double" в "int", возможна потеря данных
c:\КСЮША\Универ\3 курс\курсач\Лисажу\2\ChildView.cpp(739): warning C4244: =: преобразование "double" в "int", возможна потеря данных
c:\КСЮША\Универ\3 курс\курсач\Лисажу\2\ChildView.cpp(778): warning C4244: инициализация: преобразование "double" в "int", возможна потеря данных
c:\КСЮША\Универ\3 курс\курсач\Лисажу\2\ChildView.cpp(785): warning C4244: =: преобразование "double" в "int", возможна потеря данных
c:\КСЮША\Универ\3 курс\курсач\Лисажу\2\ChildView.cpp(1057): warning C4244: =: преобразование "double" в "int", возможна потеря данных
c:\КСЮША\Универ\3 курс\курсач\Лисажу\2\ChildView.cpp(1058): warning C4244: =: преобразование "double" в "int", возможна потеря данных
c:\КСЮША\Универ\3 курс\курсач\Лисажу\2\ChildView.cpp(1076): warning C4244: =: преобразование "double" в "int", возможна потеря данных
c:\КСЮША\Универ\3 курс\курсач\Лисажу\2\ChildView.cpp(1077): warning C4244: =: преобразование "double" в "int", возможна потеря данных
c:\КСЮША\Универ\3 курс\курсач\Лисажу\2\ChildView.cpp(1092): warning C4244: =: преобразование "double" в "int", возможна потеря данных
c:\КСЮША\Универ\3 курс\курсач\Лисажу\2\ChildView.cpp(1093): warning C4244: =: преобразование "double" в "int", возможна потеря данных
c:\КСЮША\Универ\3 курс\курсач\Лисажу\2\ChildView.cpp(1108): warning C4244: =: преобразование "double" в "int", возможна потеря данных
c:\КСЮША\Универ\3 курс\курсач\Лисажу\2\ChildView.cpp(1109): warning C4244: =: преобразование "double" в "int", возможна потеря данных
c:\КСЮША\Универ\3 курс\курсач\Лисажу\2\ChildView.cpp(1124): warning C4244: =: преобразование "double" в "int", возможна потеря данных
c:\КСЮША\Универ\3 курс\курсач\Лисажу\2\ChildView.cpp(1125): warning C4244: =: преобразование "double" в "int", возможна потеря данных
c:\КСЮША\Универ\3 курс\курсач\Лисажу\2\ChildView.cpp(1140): warning C4244: =: преобразование "double" в "int", возможна потеря данных
c:\КСЮША\Универ\3 курс\курсач\Лисажу\2\ChildView.cpp(1141): warning C4244: =: преобразование "double" в "int", возможна потеря данных
c:\КСЮША\Универ\3 курс\курсач\Лисажу\2\ChildView.cpp(1156): warning C4244: =: преобразование "double" в "int", возможна потеря данных
c:\КСЮША\Универ\3 курс\курсач\Лисажу\2\ChildView.cpp(1157): warning C4244: =: преобразование "double" в "int", возможна потеря данных
  2.vcxproj -> C:\КСЮША\Универ\3 курс\курсач\Лисажу\Debug\2.exe
